<?xml version="1.0" encoding="UTF-8"?>
<testsuite name="com.example.rent.RentApplicationTests" tests="1" skipped="0" failures="0" errors="0" timestamp="2025-02-20T09:00:38" hostname="LAPTOP-OPRQAM4O" time="2.284">
  <properties/>
  <testcase name="contextLoads()" classname="com.example.rent.RentApplicationTests" time="2.284"/>
  <system-out><![CDATA[10:00:30.783 [Test worker] INFO org.springframework.test.context.support.AnnotationConfigContextLoaderUtils -- Could not detect default configuration classes for test class [com.example.rent.RentApplicationTests]: RentApplicationTests does not declare any static, non-private, non-final, nested classes annotated with @Configuration.
10:00:31.356 [Test worker] INFO org.springframework.boot.test.context.SpringBootTestContextBootstrapper -- Found @SpringBootConfiguration com.example.rent.RentApplication for test class com.example.rent.RentApplicationTests

  .   ____          _            __ _ _
 /\\ / ___'_ __ _ _(_)_ __  __ _ \ \ \ \
( ( )\___ | '_ | '_| | '_ \/ _` | \ \ \ \
 \\/  ___)| |_)| | | | | || (_| |  ) ) ) )
  '  |____| .__|_| |_|_| |_\__, | / / / /
 =========|_|==============|___/=/_/_/_/

 :: Spring Boot ::                (v3.4.2)

2025-02-20T10:00:33.315+01:00  INFO 2720 --- [rent] [    Test worker] com.example.rent.RentApplicationTests    : Starting RentApplicationTests using Java 17.0.12 with PID 2720 (started by ibovi in C:\Users\ibovi\Desktop\Master\Master1\progradistrib\masterinfo\rent)
2025-02-20T10:00:33.332+01:00  INFO 2720 --- [rent] [    Test worker] com.example.rent.RentApplicationTests    : No active profile set, falling back to 1 default profile: "default"
2025-02-20T10:00:38.602+01:00  INFO 2720 --- [rent] [    Test worker] com.example.rent.RentApplicationTests    : Started RentApplicationTests in 6.543 seconds (process running for 10.525)
]]></system-out>
  <system-err><![CDATA[]]></system-err>
</testsuite>
